<?xml version="1.0" encoding="UTF-8"?>
<!-- Generated by org.testng.reporters.JUnitReportReporter -->
<testsuite hostname="PETRO" failures="0" tests="1" name="Test.SimpleFormTest" time="5.571" errors="0" timestamp="2023-12-22T21:02:24 IST" skipped="0">
  <testcase classname="Test.SimpleFormTest" name="simpleFormTest" time="5.571"/>
  <system-out/>
</testsuite> <!-- Test.SimpleFormTest -->
