<?xml version="1.0" encoding="UTF-8"?>
<!-- Generated by org.testng.reporters.JUnitReportReporter -->
<testsuite hostname="PETRO" failures="0" tests="1" name="Test.DragAndDropTest" time="1.793" errors="0" timestamp="2024-01-05T11:17:44 IST" skipped="0">
  <testcase classname="Test.DragAndDropTest" name="dragAndDrop" time="1.793"/>
  <system-out/>
</testsuite> <!-- Test.DragAndDropTest -->
