<?xml version="1.0" encoding="UTF-8"?>
<!-- Generated by org.testng.reporters.JUnitReportReporter -->
<testsuite hostname="PETRO" failures="0" tests="1" name="Test.FormSubmitTest" time="32.009" errors="0" timestamp="2023-12-31T12:07:57 IST" skipped="0">
  <testcase classname="Test.FormSubmitTest" name="form" time="32.009"/>
  <system-out/>
</testsuite> <!-- Test.FormSubmitTest -->
