<?xml version="1.0" encoding="UTF-8"?>
<!-- Generated by org.testng.reporters.JUnitReportReporter -->
<testsuite hostname="PETRO" failures="0" tests="1" name="Test.JavascriptAlert" time="68.812" errors="0" timestamp="2024-01-02T20:45:43 IST" skipped="0">
  <testcase classname="Test.JavascriptAlert" name="windowPopup" time="68.812"/>
  <system-out/>
</testsuite> <!-- Test.JavascriptAlert -->
