<?xml version="1.0" encoding="UTF-8"?>
<!-- Generated by org.testng.reporters.JUnitReportReporter -->
<testsuite hostname="PETRO" failures="0" tests="1" name="Test.AjaxFormSubmitTest" time="13.263" errors="0" timestamp="2024-01-03T13:40:14 IST" skipped="0">
  <testcase classname="Test.AjaxFormSubmitTest" name="ajaxformsubmit" time="13.263"/>
  <system-out/>
</testsuite> <!-- Test.AjaxFormSubmitTest -->
