<?xml version="1.0" encoding="UTF-8"?>
<!-- Generated by org.testng.reporters.JUnitReportReporter -->
<testsuite hostname="PETRO" failures="0" tests="1" name="Test.FacebookLink" time="10.126" errors="0" timestamp="2024-01-03T20:35:36 IST" skipped="0">
  <testcase classname="Test.FacebookLink" name="windowPopup" time="10.126"/>
  <system-out/>
</testsuite> <!-- Test.FacebookLink -->
