<?xml version="1.0" encoding="UTF-8"?>
<!-- Generated by org.testng.reporters.JUnitReportReporter -->
<testsuite hostname="PETRO" failures="0" tests="1" name="Test.CloseButtonTest" time="88.862" errors="0" timestamp="2024-01-02T20:38:22 IST" skipped="0">
  <testcase classname="Test.CloseButtonTest" name="windowPopup" time="88.862"/>
  <system-out/>
</testsuite> <!-- Test.CloseButtonTest -->
