<?xml version="1.0" encoding="UTF-8"?>
<!-- Generated by org.testng.reporters.JUnitReportReporter -->
<testsuite hostname="PETRO" failures="0" tests="1" name="Test.RadioButtonTest" time="6.226" errors="0" timestamp="2023-12-30T11:35:28 IST" skipped="0">
  <testcase classname="Test.RadioButtonTest" name="radiobutton" time="6.226"/>
  <system-out/>
</testsuite> <!-- Test.RadioButtonTest -->
