<?xml version="1.0" encoding="UTF-8"?>
<!-- Generated by org.testng.reporters.JUnitReportReporter -->
<testsuite hostname="PETRO" failures="0" tests="1" name="Test.TableDataVerifyTest" time="2.216" errors="0" timestamp="2024-01-03T20:41:44 IST" skipped="0">
  <testcase classname="Test.TableDataVerifyTest" name="tableVerify" time="2.216"/>
  <system-out/>
</testsuite> <!-- Test.TableDataVerifyTest -->
