<?xml version="1.0" encoding="UTF-8"?>
<!-- Generated by org.testng.reporters.JUnitReportReporter -->
<testsuite hostname="PETRO" failures="0" tests="1" name="Test.AjaxFormSubmitTest" time="25.948" errors="0" timestamp="2023-12-30T23:29:55 IST" skipped="0">
  <testcase classname="Test.AjaxFormSubmitTest" name="ajaxformsubmit" time="25.948"/>
  <system-out/>
</testsuite> <!-- Test.AjaxFormSubmitTest -->
