<?xml version="1.0" encoding="UTF-8"?>
<!-- Generated by org.testng.reporters.JUnitReportReporter -->
<testsuite hostname="PETRO" failures="0" tests="1" name="Test.DragAndDrop" time="4.082" errors="0" timestamp="2024-01-02T20:39:57 IST" skipped="0">
  <testcase classname="Test.DragAndDrop" name="dragAndDrop" time="4.082"/>
  <system-out/>
</testsuite> <!-- Test.DragAndDrop -->
