<?xml version="1.0" encoding="UTF-8"?>
<!-- Generated by org.testng.reporters.JUnitReportReporter -->
<testsuite hostname="PETRO" failures="0" tests="1" name="Test.WindowPopupTest" time="13.341" errors="0" timestamp="2024-01-05T11:04:19 IST" skipped="0">
  <testcase classname="Test.WindowPopupTest" name="windowPopup" time="13.341"/>
  <system-out/>
</testsuite> <!-- Test.WindowPopupTest -->
