<?xml version="1.0" encoding="UTF-8"?>
<!-- Generated by org.testng.reporters.JUnitReportReporter -->
<testsuite hostname="PETRO" failures="0" tests="1" name="Test.AjaxFormSubmitTest" time="8.772" errors="0" timestamp="2024-01-04T22:38:47 IST" skipped="0">
  <testcase classname="Test.AjaxFormSubmitTest" name="ajaxformsubmit" time="8.772"/>
  <system-out/>
</testsuite> <!-- Test.AjaxFormSubmitTest -->
