<?xml version="1.0" encoding="UTF-8"?>
<!-- Generated by org.testng.reporters.JUnitReportReporter -->
<testsuite hostname="PETRO" failures="0" tests="1" name="Test.UncheckErrorTest" time="6.651" errors="0" timestamp="2024-01-05T18:59:57 IST" skipped="0">
  <testcase classname="Test.UncheckErrorTest" name="form" time="6.651"/>
  <system-out/>
</testsuite> <!-- Test.UncheckErrorTest -->
