<?xml version="1.0" encoding="UTF-8"?>
<!-- Generated by org.testng.reporters.JUnitReportReporter -->
<testsuite hostname="PETRO" failures="0" tests="1" name="Test.FormSubmitTest" time="91.672" errors="0" timestamp="2024-01-02T20:44:04 IST" skipped="0">
  <testcase classname="Test.FormSubmitTest" name="form" time="91.672"/>
  <system-out/>
</testsuite> <!-- Test.FormSubmitTest -->
