<?xml version="1.0" encoding="UTF-8"?>
<!-- Generated by org.testng.reporters.JUnitReportReporter -->
<testsuite hostname="PETRO" failures="0" tests="1" name="Test.CloseButtonTest$FacebookLink" time="49.581" errors="0" timestamp="2023-12-29T17:59:52 IST" skipped="0">
  <testcase classname="Test.CloseButtonTest$FacebookLink" name="windowPopup" time="49.581"/>
  <system-out/>
</testsuite> <!-- Test.CloseButtonTest$FacebookLink -->
