<?xml version="1.0" encoding="UTF-8"?>
<!-- Generated by org.testng.reporters.JUnitReportReporter -->
<testsuite hostname="PETRO" failures="0" tests="1" name="Test.DragAndDrop" time="1.609" errors="0" timestamp="2024-01-02T14:21:41 IST" skipped="0">
  <testcase classname="Test.DragAndDrop" name="dragAndDrop" time="1.609"/>
  <system-out/>
</testsuite> <!-- Test.DragAndDrop -->
