<?xml version="1.0" encoding="UTF-8"?>
<!-- Generated by org.testng.reporters.JUnitReportReporter -->
<testsuite hostname="PETRO" failures="0" tests="1" name="Test.JavascriptAlert" time="5.337" errors="0" timestamp="2024-01-05T11:15:05 IST" skipped="0">
  <testcase classname="Test.JavascriptAlert" name="windowPopup" time="5.337"/>
  <system-out/>
</testsuite> <!-- Test.JavascriptAlert -->
