<?xml version="1.0" encoding="UTF-8"?>
<!-- Generated by org.testng.reporters.JUnitReportReporter -->
<testsuite hostname="PETRO" failures="0" tests="1" name="Test.SimpleFormTest" time="4.360" errors="0" timestamp="2023-12-28T23:07:33 IST" skipped="0">
  <testcase classname="Test.SimpleFormTest" name="simpleFormTest" time="4.360"/>
  <system-out/>
</testsuite> <!-- Test.SimpleFormTest -->
